c:\users\shayn\desktop\i4k_ogl\exe\i4k_ogl.bsc
c:\users\shayn\desktop\i4k_ogl\bin\vc2017\debug\vc142.pdb
c:\users\shayn\desktop\i4k_ogl\bin\vc2017\debug\intro.sbr
c:\users\shayn\desktop\i4k_ogl\bin\vc2017\debug\main_win_deb.sbr
c:\users\shayn\desktop\i4k_ogl\bin\vc2017\debug\mzk.sbr
c:\users\shayn\desktop\i4k_ogl\bin\vc2017\debug\mzk.obj
c:\users\shayn\desktop\i4k_ogl\bin\vc2017\debug\main_win_deb.obj
c:\users\shayn\desktop\i4k_ogl\bin\vc2017\debug\intro.obj
c:\users\shayn\desktop\i4k_ogl\exe\i4k_ogl.ilk
c:\users\shayn\desktop\i4k_ogl\exe\i4k_ogl.exe
c:\users\shayn\desktop\i4k_ogl\exe\4verts_deb.pdb
c:\users\shayn\desktop\i4k_ogl\.\exe\i4k_ogl.exe
c:\users\shayn\desktop\i4k_ogl\bin\vc2017\debug\i4k_ogl.tlog\bscmake.command.1.tlog
c:\users\shayn\desktop\i4k_ogl\bin\vc2017\debug\i4k_ogl.tlog\bscmake.read.1.tlog
c:\users\shayn\desktop\i4k_ogl\bin\vc2017\debug\i4k_ogl.tlog\bscmake.write.1.tlog
c:\users\shayn\desktop\i4k_ogl\bin\vc2017\debug\i4k_ogl.tlog\cl.command.1.tlog
c:\users\shayn\desktop\i4k_ogl\bin\vc2017\debug\i4k_ogl.tlog\cl.read.1.tlog
c:\users\shayn\desktop\i4k_ogl\bin\vc2017\debug\i4k_ogl.tlog\cl.write.1.tlog
c:\users\shayn\desktop\i4k_ogl\bin\vc2017\debug\i4k_ogl.tlog\link.command.1.tlog
c:\users\shayn\desktop\i4k_ogl\bin\vc2017\debug\i4k_ogl.tlog\link.read.1.tlog
c:\users\shayn\desktop\i4k_ogl\bin\vc2017\debug\i4k_ogl.tlog\link.write.1.tlog
